{"author":{"id":"f1dd59ad08715b3389a6e33ce1a851a97ed3dd5c3aa5246ea2632b1cba0c7886"},"ops":[{"type":3,"timestamp":1612474927,"nonce":"4jAUyQCBM4jahy6wD0A/AhAQNVE=","metadata":{"github-id":"MDEyOklzc3VlQ29tbWVudDc3MzYyMjE3Mg==","github-url":"https://github.com/git-bug/git-bug/issues/552#issuecomment-773622172"},"message":"Yes, @MichaelMure .","files":null},{"type":2,"timestamp":1612989211,"nonce":"TY3kb+ki2nThbI0ttP85LBx6FiM=","metadata":{"github-id":"MDE3OlJlbmFtZWRUaXRsZUV2ZW50NDMxNjg0Mzg4Mw=="},"title":"WebUI - update npm dependencies","was":"WebUI - update npm dependencies"},{"type":3,"timestamp":1613078279,"nonce":"pxAY1cMptR6PpF2cuVq4f5kFPkM=","metadata":{"github-id":"MDEyOklzc3VlQ29tbWVudDc3Nzc5NzcxOQ==","github-url":"https://github.com/git-bug/git-bug/issues/552#issuecomment-777797719"},"message":"Pull requests #517 and #536 were merged.\nI will test #520 asap.","files":null},{"type":5,"timestamp":1613773457,"nonce":"DmrNypdXWHq8onqNbmkNDaatskE=","metadata":{"github-id":"MDEyOkxhYmVsZWRFdmVudDQzNTQzMzg5MTE="},"added":["area/ui/web"],"removed":[]},{"type":3,"timestamp":1614469518,"nonce":"UCczyyk2FFhZaeksidcFloeij3M=","metadata":{"github-id":"MDEyOklzc3VlQ29tbWVudDc4NzIwNTExNg==","github-url":"https://github.com/git-bug/git-bug/issues/552#issuecomment-787205116"},"message":"I merged PR #520 to current master locally and tested all webui features. I had no conflicts nor feature problems.\nHowever, github checks indicate that this PR break some tests for  build (1.13.x, macos-latest) that are not related to webui as show below.\n\nCan I approve this PR?\n\n--------------------------------------------------------------------------------------------------------------------\n\n=== RUN   TestPushPull\nBuilding identity cache... Done.\nBuilding bug cache... Done.\ncreated repository git-bug-test-github-exporter-uxseSVSu\ndeleted repository: git-bug-test-github-exporter-uxseSVSu\n--- FAIL: TestPushPull (2.76s)\n    export_test.go:206: \n        \tError Trace:\texport_test.go:206\n        \tError:      \tReceived unexpected error:\n        \t            \twas submitted too quickly\n        \t            \texporting github issue\n        \t            \tgithub.com/MichaelMure/git-bug/bridge/github.(*githubExporter).exportBug\n        \t            \t\t/Users/runner/work/git-bug/git-bug/bridge/github/export.go:255\n        \t            \tgithub.com/MichaelMure/git-bug/bridge/github.(*githubExporter).ExportAll.func1\n        \t            \t\t/Users/runner/work/git-bug/git-bug/bridge/github/export.go:183\n        \t            \truntime.goexit\n        \t            \t\t/Users/runner/hostedtoolcache/go/1.13.15/x64/src/runtime/asm_amd64.s:1357\n        \tTest:       \tTestPushPull\n\n----------------------------------------------------------------------------------------------------------------\n\n=== RUN   TestPersistedClock\n--- PASS: TestPersistedClock (0.00s)\nPASS\nok  \tgithub.com/MichaelMure/git-bug/util/lamport\t0.093s\n?   \tgithub.com/MichaelMure/git-bug/util/process\t[no test files]\n?   \tgithub.com/MichaelMure/git-bug/util/text\t[no test files]\n?   \tgithub.com/MichaelMure/git-bug/util/timestamp\t[no test files]\n?   \tgithub.com/MichaelMure/git-bug/webui\t[no test files]","files":null},{"type":6,"timestamp":1614469555,"nonce":"Pl7bP+xb9YUGjrWl1tJHIOEiJCA=","metadata":{"github-id":"MDE1OlVzZXJDb250ZW50RWRpdElzc3VlQ29tbWVudEVkaXQ6NDM4NTU3MzY4"},"target":"39b2c4556ebc38d7502a47d5e85ccbcd81ed75e00a0c453c5b9006dc19b99924","message":"I merged PR #520 to current master locally and tested all webui features. I had no conflicts neither feature problems.\nHowever, github checks indicate that this PR break some tests for  build (1.13.x, macos-latest) that are not related to webui as show below.\n\nCan I approve this PR?\n\n--------------------------------------------------------------------------------------------------------------------\n\n=== RUN   TestPushPull\nBuilding identity cache... Done.\nBuilding bug cache... Done.\ncreated repository git-bug-test-github-exporter-uxseSVSu\ndeleted repository: git-bug-test-github-exporter-uxseSVSu\n--- FAIL: TestPushPull (2.76s)\n    export_test.go:206: \n        \tError Trace:\texport_test.go:206\n        \tError:      \tReceived unexpected error:\n        \t            \twas submitted too quickly\n        \t            \texporting github issue\n        \t            \tgithub.com/MichaelMure/git-bug/bridge/github.(*githubExporter).exportBug\n        \t            \t\t/Users/runner/work/git-bug/git-bug/bridge/github/export.go:255\n        \t            \tgithub.com/MichaelMure/git-bug/bridge/github.(*githubExporter).ExportAll.func1\n        \t            \t\t/Users/runner/work/git-bug/git-bug/bridge/github/export.go:183\n        \t            \truntime.goexit\n        \t            \t\t/Users/runner/hostedtoolcache/go/1.13.15/x64/src/runtime/asm_amd64.s:1357\n        \tTest:       \tTestPushPull\n\n----------------------------------------------------------------------------------------------------------------\n\n=== RUN   TestPersistedClock\n--- PASS: TestPersistedClock (0.00s)\nPASS\nok  \tgithub.com/MichaelMure/git-bug/util/lamport\t0.093s\n?   \tgithub.com/MichaelMure/git-bug/util/process\t[no test files]\n?   \tgithub.com/MichaelMure/git-bug/util/text\t[no test files]\n?   \tgithub.com/MichaelMure/git-bug/util/timestamp\t[no test files]\n?   \tgithub.com/MichaelMure/git-bug/webui\t[no test files]","files":null}]}